<?xml version="1.0" encoding="UTF-8"?>
<!-- Generated by org.testng.reporters.JUnitXMLReporter -->
<testsuite ignored="0" hostname="DESKTOP-OS5TPNM" failures="0" tests="21" name="Default test" time="1209.297" errors="0" timestamp="2023-02-08T11:42:23 IST">
  <testcase classname="BasicTesting.Responsive_Testing" name="mhrcm_Ui_test" time="58.686"/>
  <testcase classname="BasicTesting.Responsive_Testing" name="mhrcm_Ui_test" time="56.095"/>
  <testcase classname="BasicTesting.Responsive_Testing" name="mhrcm_Ui_test" time="56.005"/>
  <testcase classname="BasicTesting.Responsive_Testing" name="mhrcm_Ui_test" time="57.079"/>
  <testcase classname="BasicTesting.Responsive_Testing" name="mhrcm_Ui_test" time="56.504"/>
  <testcase classname="BasicTesting.Responsive_Testing" name="mhrcm_Ui_test" time="56.189"/>
  <testcase classname="BasicTesting.Responsive_Testing" name="mhrcm_Ui_test" time="56.088"/>
  <testcase classname="BasicTesting.Responsive_Testing" name="mhrcm_Ui_test" time="60.445"/>
  <testcase classname="BasicTesting.Responsive_Testing" name="mhrcm_Ui_test" time="58.018"/>
  <testcase classname="BasicTesting.Responsive_Testing" name="mhrcm_Ui_test" time="60.997"/>
  <testcase classname="BasicTesting.Responsive_Testing" name="mhrcm_Ui_test" time="56.216"/>
  <testcase classname="BasicTesting.Responsive_Testing" name="mhrcm_Ui_test" time="56.234"/>
  <testcase classname="BasicTesting.Responsive_Testing" name="mhrcm_Ui_test" time="56.83"/>
  <testcase classname="BasicTesting.Responsive_Testing" name="mhrcm_Ui_test" time="67.916"/>
  <testcase classname="BasicTesting.Responsive_Testing" name="mhrcm_Ui_test" time="56.52"/>
  <testcase classname="BasicTesting.Responsive_Testing" name="mhrcm_Ui_test" time="56.577"/>
  <testcase classname="BasicTesting.Responsive_Testing" name="mhrcm_Ui_test" time="56.404"/>
  <testcase classname="BasicTesting.Responsive_Testing" name="mhrcm_Ui_test" time="56.094"/>
  <testcase classname="BasicTesting.Responsive_Testing" name="mhrcm_Ui_test" time="56.715"/>
  <testcase classname="BasicTesting.Responsive_Testing" name="mhrcm_Ui_test" time="55.862"/>
  <testcase classname="BasicTesting.Responsive_Testing" name="mhrcm_Ui_test" time="57.685"/>
</testsuite> <!-- Default test -->
