<?xml version="1.0" encoding="UTF-8"?>
<testng-results ignored="0" total="2" passed="2" failed="0" skipped="0">
  <reporter-output>
  </reporter-output>
  <suite started-at="2023-02-01T18:27:47 IST" name="1clx" finished-at="2023-02-01T18:30:16 IST" duration-ms="148914">
    <groups>
    </groups>
    <test started-at="2023-02-01T18:27:47 IST" name="Default test" finished-at="2023-02-01T18:30:16 IST" duration-ms="148914">
      <class name="BasicTesting.Responsive_Testing">
        <test-method signature="mhrcm_Ui_test(int,int,int,java.lang.String)[pri:0, instance:BasicTesting.Responsive_Testing@2ddc9a9f]" started-at="2023-02-01T18:27:47 IST" name="mhrcm_Ui_test" data-provider="mobileEmulation" finished-at="2023-02-01T18:28:58 IST" duration-ms="71313" status="PASS">
          <params>
            <param index="0">
              <value>
                <![CDATA[1280]]>
              </value>
            </param>
            <param index="1">
              <value>
                <![CDATA[1024]]>
              </value>
            </param>
            <param index="2">
              <value>
                <![CDATA[50]]>
              </value>
            </param>
            <param index="3">
              <value>
                <![CDATA[Windows 11]]>
              </value>
            </param>
          </params>
          <reporter-output>
          </reporter-output>
        </test-method> <!-- mhrcm_Ui_test -->
        <test-method signature="mhrcm_Ui_test(int,int,int,java.lang.String)[pri:0, instance:BasicTesting.Responsive_Testing@2ddc9a9f]" started-at="2023-02-01T18:28:58 IST" name="mhrcm_Ui_test" data-provider="mobileEmulation" finished-at="2023-02-01T18:30:16 IST" duration-ms="77517" status="PASS">
          <params>
            <param index="0">
              <value>
                <![CDATA[320]]>
              </value>
            </param>
            <param index="1">
              <value>
                <![CDATA[480]]>
              </value>
            </param>
            <param index="2">
              <value>
                <![CDATA[40]]>
              </value>
            </param>
            <param index="3">
              <value>
                <![CDATA[Iphone 4]]>
              </value>
            </param>
          </params>
          <reporter-output>
          </reporter-output>
        </test-method> <!-- mhrcm_Ui_test -->
      </class> <!-- BasicTesting.Responsive_Testing -->
    </test> <!-- Default test -->
  </suite> <!-- 1clx -->
</testng-results>
